TN:
SF:src/config.ts
FN:35,loadConfig
FN:67,validateConfig
FNF:2
FNH:0
FNDA:0,loadConfig
FNDA:0,validateConfig
DA:1,0
DA:2,0
DA:4,0
DA:7,0
DA:35,0
DA:37,0
DA:38,0
DA:41,0
DA:42,0
DA:45,0
DA:46,0
DA:50,0
DA:56,0
DA:57,0
DA:58,0
DA:61,0
DA:67,0
DA:68,0
DA:69,0
DA:72,0
DA:73,0
DA:76,0
DA:77,0
DA:81,0
DA:82,0
LF:25
LH:0
BRDA:35,0,0,0
BRDA:41,1,0,0
BRDA:41,1,1,0
BRDA:45,2,0,0
BRDA:45,2,1,0
BRDA:52,3,0,0
BRDA:52,3,1,0
BRDA:56,4,0,0
BRDA:56,4,1,0
BRDA:56,5,0,0
BRDA:56,5,1,0
BRDA:68,6,0,0
BRDA:68,6,1,0
BRDA:72,7,0,0
BRDA:72,7,1,0
BRDA:76,8,0,0
BRDA:76,8,1,0
BRDA:81,9,0,0
BRDA:81,9,1,0
BRF:19
BRH:0
end_of_record
TN:
SF:src/backend/RenderClient.ts
FN:15,(anonymous_1)
FN:35,(anonymous_2)
FN:38,(anonymous_3)
FN:44,(anonymous_4)
FN:51,(anonymous_5)
FN:52,(anonymous_6)
FN:66,(anonymous_7)
FN:96,(anonymous_8)
FN:126,(anonymous_9)
FN:159,(anonymous_10)
FN:184,(anonymous_11)
FN:197,(anonymous_12)
FNF:12
FNH:11
FNDA:29,(anonymous_1)
FNDA:2,(anonymous_2)
FNDA:4,(anonymous_3)
FNDA:0,(anonymous_4)
FNDA:1,(anonymous_5)
FNDA:2,(anonymous_6)
FNDA:19,(anonymous_7)
FNDA:6,(anonymous_8)
FNDA:4,(anonymous_9)
FNDA:3,(anonymous_10)
FNDA:2,(anonymous_11)
FNDA:3,(anonymous_12)
DA:1,1
DA:4,1
DA:10,1
DA:16,29
DA:17,29
DA:18,29
DA:21,29
DA:22,29
DA:25,29
DA:34,29
DA:36,2
DA:37,1
DA:38,1
DA:39,4
DA:42,2
DA:45,0
DA:50,29
DA:51,1
DA:53,2
DA:54,2
DA:55,1
DA:56,1
DA:58,2
DA:67,19
DA:69,19
DA:70,19
DA:72,19
DA:80,18
DA:81,18
DA:84,18
DA:86,18
DA:88,1
DA:89,1
DA:97,6
DA:103,6
DA:104,6
DA:106,5
DA:108,5
DA:114,1
DA:117,1
DA:127,4
DA:132,4
DA:133,4
DA:135,3
DA:140,3
DA:146,1
DA:149,1
DA:164,3
DA:166,3
DA:167,3
DA:174,2
DA:176,1
DA:185,2
DA:186,2
DA:187,1
DA:189,1
DA:190,1
DA:198,3
LF:58
LH:57
BRDA:36,0,0,1
BRDA:36,0,1,1
BRDA:54,1,0,1
BRDA:54,1,1,1
BRDA:70,2,0,19
BRDA:70,2,1,18
BRDA:136,3,0,3
BRDA:136,3,1,2
BRDA:137,4,0,3
BRDA:137,4,1,2
BRDA:141,5,0,3
BRDA:141,5,1,1
BRDA:142,6,0,3
BRDA:142,6,1,1
BRDA:170,7,0,3
BRDA:170,7,1,2
BRF:16
BRH:16
end_of_record
TN:
SF:src/backend/auth.ts
FN:11,(anonymous_9)
FN:19,(anonymous_10)
FN:28,(anonymous_11)
FN:53,(anonymous_12)
FN:70,(anonymous_13)
FN:82,(anonymous_14)
FN:93,(anonymous_15)
FNF:7
FNH:7
FNDA:67,(anonymous_9)
FNDA:49,(anonymous_10)
FNDA:49,(anonymous_11)
FNDA:32,(anonymous_12)
FNDA:7,(anonymous_13)
FNDA:9,(anonymous_14)
FNDA:10,(anonymous_15)
DA:1,2
DA:6,2
DA:7,67
DA:8,67
DA:9,67
DA:12,67
DA:13,67
DA:20,49
DA:21,49
DA:29,49
DA:30,0
DA:33,49
DA:34,49
DA:37,49
DA:42,49
DA:43,49
DA:46,49
DA:54,32
DA:55,2
DA:59,30
DA:60,30
DA:61,0
DA:64,30
DA:71,7
DA:83,9
DA:94,10
LF:26
LH:24
BRDA:29,0,0,0
BRDA:29,0,1,49
BRDA:54,1,0,2
BRDA:54,1,1,30
BRDA:54,2,0,32
BRDA:54,2,1,30
BRDA:60,3,0,0
BRDA:60,3,1,30
BRDA:84,4,0,9
BRDA:84,4,1,6
BRDA:84,4,2,6
BRF:11
BRH:9
end_of_record
TN:
SF:src/commands/CommandHandler.ts
FN:16,(anonymous_0)
FN:25,(anonymous_1)
FN:61,(anonymous_2)
FN:100,(anonymous_3)
FN:128,(anonymous_4)
FN:141,(anonymous_5)
FNF:6
FNH:6
FNDA:18,(anonymous_0)
FNDA:18,(anonymous_1)
FNDA:9,(anonymous_2)
FNDA:4,(anonymous_3)
FNDA:2,(anonymous_4)
FNDA:1,(anonymous_5)
DA:12,1
DA:17,18
DA:18,18
DA:26,18
DA:27,18
DA:29,18
DA:31,9
DA:34,4
DA:37,2
DA:40,1
DA:43,2
DA:44,2
DA:50,0
DA:51,0
DA:64,9
DA:66,9
DA:67,9
DA:70,7
DA:71,1
DA:78,6
DA:86,6
DA:88,6
DA:90,2
DA:103,4
DA:105,4
DA:106,4
DA:108,4
DA:109,1
DA:110,1
DA:112,3
DA:118,0
DA:131,2
DA:132,2
DA:144,1
DA:145,1
LF:35
LH:32
BRDA:29,0,0,9
BRDA:29,0,1,4
BRDA:29,0,2,2
BRDA:29,0,3,1
BRDA:29,0,4,2
BRDA:70,1,0,1
BRDA:70,1,1,6
BRDA:82,2,0,6
BRDA:82,2,1,5
BRDA:108,3,0,1
BRDA:108,3,1,3
BRF:11
BRH:11
end_of_record
TN:
SF:src/scheduler/Scheduler.ts
FN:32,(anonymous_1)
FN:50,(anonymous_2)
FN:78,(anonymous_3)
FN:110,(anonymous_4)
FN:131,(anonymous_5)
FN:148,(anonymous_6)
FN:157,(anonymous_7)
FN:163,(anonymous_8)
FN:176,(anonymous_9)
FN:184,(anonymous_10)
FN:201,(anonymous_11)
FN:233,(anonymous_12)
FN:283,(anonymous_13)
FN:289,(anonymous_14)
FN:308,(anonymous_15)
FN:325,(anonymous_16)
FNF:16
FNH:16
FNDA:37,(anonymous_1)
FNDA:37,(anonymous_2)
FNDA:30,(anonymous_3)
FNDA:10,(anonymous_4)
FNDA:9,(anonymous_5)
FNDA:7,(anonymous_6)
FNDA:11,(anonymous_7)
FNDA:8,(anonymous_8)
FNDA:5,(anonymous_9)
FNDA:81,(anonymous_10)
FNDA:12,(anonymous_11)
FNDA:4,(anonymous_12)
FNDA:1,(anonymous_13)
FNDA:4,(anonymous_14)
FNDA:23,(anonymous_15)
FNDA:37,(anonymous_16)
DA:1,2
DA:2,2
DA:25,2
DA:29,37
DA:30,37
DA:37,37
DA:38,37
DA:41,37
DA:42,37
DA:44,37
DA:51,37
DA:66,37
DA:72,37
DA:85,30
DA:87,30
DA:93,30
DA:102,30
DA:104,30
DA:111,10
DA:117,10
DA:119,10
DA:120,5
DA:121,5
DA:123,5
DA:124,5
DA:132,9
DA:136,9
DA:138,9
DA:139,1
DA:142,8
DA:149,7
DA:155,7
DA:157,11
DA:164,8
DA:165,1
DA:166,1
DA:169,7
DA:170,7
DA:173,7
DA:176,7
DA:177,5
DA:185,81
DA:186,74
DA:189,7
DA:190,7
DA:192,7
DA:193,7
DA:194,7
DA:202,12
DA:203,12
DA:206,12
DA:212,12
DA:214,12
DA:215,8
DA:218,4
DA:221,4
DA:222,4
DA:223,4
DA:226,0
DA:234,4
DA:235,4
DA:236,4
DA:237,4
DA:240,4
DA:246,4
DA:248,3
DA:253,3
DA:255,3
DA:258,1
DA:263,1
DA:265,1
DA:269,0
DA:274,0
DA:276,0
DA:289,1
DA:290,4
DA:293,4
DA:294,4
DA:297,1
DA:309,23
DA:326,37
DA:327,37
DA:328,37
LF:83
LH:79
BRDA:82,0,0,0
BRDA:98,1,0,2
BRDA:98,1,1,28
BRDA:99,2,0,30
BRDA:99,2,1,22
BRDA:119,3,0,5
BRDA:119,3,1,5
BRDA:138,4,0,1
BRDA:138,4,1,8
BRDA:163,5,0,0
BRDA:164,6,0,1
BRDA:164,6,1,7
BRDA:185,7,0,74
BRDA:185,7,1,7
BRDA:192,8,0,7
BRDA:192,8,1,0
BRDA:214,9,0,8
BRDA:214,9,1,4
BRDA:246,10,0,3
BRDA:246,10,1,1
BRDA:317,11,0,23
BRDA:317,11,1,17
BRDA:318,12,0,23
BRDA:318,12,1,22
BRF:24
BRH:21
end_of_record
TN:
SF:src/transports/AppleScriptSender.ts
FN:14,(anonymous_0)
FN:21,(anonymous_1)
FN:69,(anonymous_2)
FN:80,(anonymous_3)
FN:121,(anonymous_4)
FN:122,(anonymous_5)
FN:128,(anonymous_6)
FNF:7
FNH:7
FNDA:25,(anonymous_0)
FNDA:28,(anonymous_1)
FNDA:27,(anonymous_2)
FNDA:8,(anonymous_3)
FNDA:7,(anonymous_4)
FNDA:7,(anonymous_5)
FNDA:4,(anonymous_6)
DA:1,1
DA:2,1
DA:5,1
DA:11,1
DA:15,25
DA:22,28
DA:23,28
DA:27,28
DA:35,28
DA:37,1
DA:43,27
DA:44,27
DA:53,28
DA:57,26
DA:58,26
DA:60,2
DA:61,2
DA:70,27
DA:71,27
DA:72,26
DA:74,1
DA:81,8
DA:82,8
DA:84,8
DA:85,14
DA:88,14
DA:90,14
DA:91,1
DA:92,1
DA:96,13
DA:98,7
DA:99,7
DA:100,7
DA:103,7
DA:105,7
DA:106,7
DA:110,7
DA:111,7
DA:113,0
DA:114,0
DA:122,7
DA:129,4
DA:130,4
DA:133,4
DA:136,3
DA:137,3
DA:138,2
DA:139,2
DA:141,1
DA:142,1
DA:145,1
DA:146,1
DA:147,1
LF:53
LH:51
BRDA:35,0,0,1
BRDA:35,0,1,27
BRDA:71,1,0,26
BRDA:71,1,1,1
BRDA:90,2,0,1
BRDA:90,2,1,13
BRDA:96,3,0,7
BRDA:96,3,1,6
BRDA:137,4,0,2
BRDA:137,4,1,1
BRF:10
BRH:10
end_of_record
TN:
SF:src/transports/AppleScriptTransport.ts
FN:19,(anonymous_0)
FN:31,(anonymous_1)
FN:47,(anonymous_2)
FN:64,(anonymous_3)
FN:75,(anonymous_4)
FN:87,(anonymous_5)
FN:99,(anonymous_6)
FNF:7
FNH:0
FNDA:0,(anonymous_0)
FNDA:0,(anonymous_1)
FNDA:0,(anonymous_2)
FNDA:0,(anonymous_3)
FNDA:0,(anonymous_4)
FNDA:0,(anonymous_5)
FNDA:0,(anonymous_6)
DA:2,0
DA:3,0
DA:12,0
DA:16,0
DA:17,0
DA:23,0
DA:24,0
DA:25,0
DA:32,0
DA:35,0
DA:36,0
DA:37,0
DA:40,0
DA:41,0
DA:48,0
DA:50,0
DA:51,0
DA:52,0
DA:55,0
DA:56,0
DA:58,0
DA:65,0
DA:66,0
DA:69,0
DA:76,0
DA:77,0
DA:78,0
DA:81,0
DA:88,0
DA:89,0
DA:90,0
DA:93,0
DA:100,0
LF:33
LH:0
BRDA:36,0,0,0
BRDA:36,0,1,0
BRDA:50,1,0,0
BRDA:50,1,1,0
BRDA:65,2,0,0
BRDA:65,2,1,0
BRDA:76,3,0,0
BRDA:76,3,1,0
BRDA:88,4,0,0
BRDA:88,4,1,0
BRF:10
BRH:0
end_of_record
TN:
SF:src/transports/MessagesDB.ts
FN:15,(anonymous_10)
FN:36,(anonymous_11)
FN:50,(anonymous_12)
FN:116,(anonymous_13)
FNF:4
FNH:4
FNDA:22,(anonymous_10)
FNDA:21,(anonymous_11)
FNDA:17,(anonymous_12)
FNDA:21,(anonymous_13)
DA:1,1
DA:2,1
DA:10,1
DA:12,22
DA:16,22
DA:19,22
DA:20,1
DA:27,21
DA:30,21
DA:37,21
DA:38,21
DA:39,21
DA:40,21
DA:42,0
DA:43,0
DA:51,17
DA:52,17
DA:72,17
DA:73,16
DA:75,16
DA:77,115
DA:78,115
DA:83,115
DA:87,115
DA:88,115
DA:90,115
DA:99,115
DA:102,16
DA:103,13
DA:106,16
DA:108,1
DA:109,1
DA:117,21
DA:118,21
DA:120,0
LF:35
LH:32
BRDA:19,0,0,1
BRDA:19,0,1,21
BRDA:39,1,0,21
BRDA:39,1,1,19
BRDA:77,2,0,115
BRDA:77,2,1,0
BRDA:83,3,0,115
BRDA:83,3,1,3
BRDA:92,4,0,115
BRDA:92,4,1,1
BRDA:93,5,0,115
BRDA:93,5,1,1
BRDA:102,6,0,13
BRDA:102,6,1,3
BRF:14
BRH:13
end_of_record
TN:
SF:src/utils/logger.ts
FN:14,(anonymous_9)
FN:19,(anonymous_10)
FN:23,(anonymous_11)
FN:27,(anonymous_12)
FN:33,(anonymous_13)
FN:57,(anonymous_14)
FN:61,(anonymous_15)
FN:65,(anonymous_16)
FN:69,(anonymous_17)
FNF:9
FNH:0
FNDA:0,(anonymous_9)
FNDA:0,(anonymous_10)
FNDA:0,(anonymous_11)
FNDA:0,(anonymous_12)
FNDA:0,(anonymous_13)
FNDA:0,(anonymous_14)
FNDA:0,(anonymous_15)
FNDA:0,(anonymous_16)
FNDA:0,(anonymous_17)
DA:2,0
DA:4,0
DA:7,0
DA:15,0
DA:16,0
DA:20,0
DA:24,0
DA:28,0
DA:29,0
DA:30,0
DA:34,0
DA:36,0
DA:39,0
DA:40,0
DA:41,0
DA:42,0
DA:44,0
DA:48,0
DA:49,0
DA:50,0
DA:52,0
DA:58,0
DA:62,0
DA:66,0
DA:70,0
LF:25
LH:0
BRDA:14,0,0,0
BRDA:16,1,0,0
BRDA:16,1,1,0
BRDA:29,2,0,0
BRDA:29,2,1,0
BRDA:34,3,0,0
BRDA:34,3,1,0
BRDA:39,4,0,0
BRDA:39,4,1,0
BRDA:41,5,0,0
BRDA:41,5,1,0
BRDA:48,6,0,0
BRDA:48,6,1,0
BRF:13
BRH:0
end_of_record
